[debug] [2023-08-18T05:02:22.889Z] ----------------------------------------------------------------------
[debug] [2023-08-18T05:02:22.891Z] Command:       C:\Program Files\nodejs\node.exe C:\Users\theco\AppData\Roaming\npm\node_modules\firebase-tools\lib\bin\firebase.js init
[debug] [2023-08-18T05:02:22.891Z] CLI Version:   12.4.8
[debug] [2023-08-18T05:02:22.891Z] Platform:      win32
[debug] [2023-08-18T05:02:22.892Z] Node Version:  v18.15.0
[debug] [2023-08-18T05:02:22.892Z] Time:          Fri Aug 18 2023 11:02:22 GMT+0600 (Bangladesh Standard Time)
[debug] [2023-08-18T05:02:22.892Z] ----------------------------------------------------------------------
[debug] 
[debug] [2023-08-18T05:02:22.899Z] > command requires scopes: ["email","openid","https://www.googleapis.com/auth/cloudplatformprojects.readonly","https://www.googleapis.com/auth/firebase","https://www.googleapis.com/auth/cloud-platform"]
[debug] [2023-08-18T05:02:22.899Z] > authorizing via signed-in user (2019000010058@seu.edu.bd)
[info] 
     ######## #### ########  ######## ########     ###     ######  ########
     ##        ##  ##     ## ##       ##     ##  ##   ##  ##       ##
     ######    ##  ########  ######   ########  #########  ######  ######
     ##        ##  ##    ##  ##       ##     ## ##     ##       ## ##
     ##       #### ##     ## ######## ########  ##     ##  ######  ########

You're about to initialize a Firebase project in this directory:

  F:\Web Dev\node\js-confetti

[info] 
=== Project Setup
[info] 
[info] First, let's associate this project directory with a Firebase project.
[info] You can create multiple project aliases by running firebase use --add, 
[info] but for now we'll just set up a default project.
[info] 
[debug] [2023-08-18T05:02:36.473Z] >>> [apiv2][query] GET https://firebase.googleapis.com/v1beta1/projects pageSize=100
[debug] [2023-08-18T05:02:38.219Z] <<< [apiv2][status] GET https://firebase.googleapis.com/v1beta1/projects 200
[debug] [2023-08-18T05:02:38.220Z] <<< [apiv2][body] GET https://firebase.googleapis.com/v1beta1/projects [omitted]
[info] i  Don't want to scroll through all your projects? If you know your project ID, you can initialize it directly using firebase init --project <project_id>.
 
[debug] [2023-08-18T05:03:25.708Z] ----------------------------------------------------------------------
[debug] [2023-08-18T05:03:25.710Z] Command:       C:\Program Files\nodejs\node.exe C:\Users\theco\AppData\Roaming\npm\node_modules\firebase-tools\lib\bin\firebase.js init
[debug] [2023-08-18T05:03:25.710Z] CLI Version:   12.4.8
[debug] [2023-08-18T05:03:25.711Z] Platform:      win32
[debug] [2023-08-18T05:03:25.711Z] Node Version:  v18.15.0
[debug] [2023-08-18T05:03:25.712Z] Time:          Fri Aug 18 2023 11:03:25 GMT+0600 (Bangladesh Standard Time)
[debug] [2023-08-18T05:03:25.712Z] ----------------------------------------------------------------------
[debug] 
[debug] [2023-08-18T05:03:25.719Z] > command requires scopes: ["email","openid","https://www.googleapis.com/auth/cloudplatformprojects.readonly","https://www.googleapis.com/auth/firebase","https://www.googleapis.com/auth/cloud-platform"]
[debug] [2023-08-18T05:03:25.720Z] > authorizing via signed-in user (2019000010058@seu.edu.bd)
[info] 
     ######## #### ########  ######## ########     ###     ######  ########
     ##        ##  ##     ## ##       ##     ##  ##   ##  ##       ##
     ######    ##  ########  ######   ########  #########  ######  ######
     ##        ##  ##    ##  ##       ##     ## ##     ##       ## ##
     ##       #### ##     ## ######## ########  ##     ##  ######  ########

You're about to initialize a Firebase project in this directory:

  F:\Web Dev\node\js-confetti

[info] 
=== Project Setup
[info] 
[info] First, let's associate this project directory with a Firebase project.
[info] You can create multiple project aliases by running firebase use --add, 
[info] but for now we'll just set up a default project.
[info] 
[debug] [2023-08-18T05:03:45.845Z] >>> [apiv2][query] GET https://firebase.googleapis.com/v1beta1/projects pageSize=100
[debug] [2023-08-18T05:03:47.632Z] <<< [apiv2][status] GET https://firebase.googleapis.com/v1beta1/projects 200
[debug] [2023-08-18T05:03:47.632Z] <<< [apiv2][body] GET https://firebase.googleapis.com/v1beta1/projects [omitted]
[info] i  Don't want to scroll through all your projects? If you know your project ID, you can initialize it directly using firebase init --project <project_id>.
 
